<?xml version="1.0" encoding="UTF-8"?>
<!-- Generated by org.testng.reporters.JUnitReportReporter -->
<testsuite hostname="LAPTOP-5TH0HK7L" failures="0" tests="1" name="InterviewPrep.SeleniumMarch.GetAllIncidents" time="8.926" errors="0" timestamp="2024-03-19T12:30:41 IST" skipped="0">
  <testcase classname="InterviewPrep.SeleniumMarch.GetAllIncidents" name="getIncidents" time="8.926"/>
  <system-out/>
</testsuite> <!-- InterviewPrep.SeleniumMarch.GetAllIncidents -->
