<?xml version="1.0" encoding="UTF-8"?>
<!-- Generated by org.testng.reporters.JUnitReportReporter -->
<testsuite hostname="LAPTOP-5TH0HK7L" failures="0" tests="2" name="InterviewPrep.SeleniumMarch.CreateNewIncident" time="12.464" errors="0" timestamp="2024-03-19T13:35:40 IST" skipped="0">
  <testcase classname="InterviewPrep.SeleniumMarch.CreateNewIncident" name="CreateIncident" time="7.156"/>
  <system-out/>
  <testcase classname="InterviewPrep.SeleniumMarch.CreateNewIncident" name="CreateIncident" time="5.308"/>
  <system-out/>
</testsuite> <!-- InterviewPrep.SeleniumMarch.CreateNewIncident -->
